<?xml version="1.0" encoding="UTF-8"?>
<!-- Generated by org.testng.reporters.JUnitReportReporter -->
<testsuite hostname="DESKTOP-ST6RISR" failures="0" tests="1" name="com.qa.amazon.testscripts.AmazonTc_001" time="44.154" errors="0" timestamp="2021-04-27T22:06:24 IST" skipped="0">
  <testcase classname="com.qa.amazon.testscripts.AmazonTc_001" name="Categories" time="44.154"/>
  <system-out/>
</testsuite> <!-- com.qa.amazon.testscripts.AmazonTc_001 -->
