<?xml version="1.0" encoding="UTF-8"?>
<!-- Generated by org.testng.reporters.JUnitReportReporter -->
<testsuite hostname="DESKTOP-ST6RISR" failures="0" tests="1" name="com.qa.amazon.testscripts.HiddenPopUp" time="12.813" errors="0" timestamp="2021-05-02T13:03:18 IST" skipped="0">
  <testcase classname="com.qa.amazon.testscripts.HiddenPopUp" name="hiddenPopup" time="12.813"/>
  <system-out/>
</testsuite> <!-- com.qa.amazon.testscripts.HiddenPopUp -->
