<?xml version="1.0" encoding="UTF-8"?>
<!-- Generated by org.testng.reporters.JUnitReportReporter -->
<testsuite hostname="DESKTOP-ST6RISR" failures="0" tests="1" name="com.qa.flipkart.Flipkart_001" time="54.258" errors="0" timestamp="2021-05-04T22:27:05 IST" skipped="0">
  <testcase classname="com.qa.flipkart.Flipkart_001" name="Login" time="54.258"/>
  <system-out>
user is searching for choclates order placed successfully logged out  </system-out>
</testsuite> <!-- com.qa.flipkart.Flipkart_001 -->
