<?xml version="1.0" encoding="UTF-8"?>
<!-- Generated by org.testng.reporters.JUnitReportReporter -->
<testsuite hostname="DESKTOP-ST6RISR" failures="0" tests="1" name="com.qa.amazon.testscripts.AmazonScrolling_001" time="21.825" errors="0" timestamp="2021-05-01T11:38:02 IST" skipped="0">
  <testcase classname="com.qa.amazon.testscripts.AmazonScrolling_001" name="scrollBy" time="21.825"/>
  <system-out/>
</testsuite> <!-- com.qa.amazon.testscripts.AmazonScrolling_001 -->
